[24-Jul-2024 09:10:50 UTC] PHP Fatal error:  Cannot redeclare wp_enqueue_scripts() (previously declared in C:\Users\charl\Local Sites\koukaki\app\public\wp-includes\script-loader.php:2263) in C:\Users\charl\Local Sites\koukaki\app\public\wp-content\themes\foce-child\functions.php on line 10
[24-Jul-2024 09:10:50 UTC] PHP Warning:  Trying to access array offset on value of type bool in C:\Users\charl\Local Sites\koukaki\app\public\wp-includes\class-wp-recovery-mode-email-service.php on line 367
[24-Jul-2024 09:10:50 UTC] PHP Warning:  Trying to access array offset on value of type bool in C:\Users\charl\Local Sites\koukaki\app\public\wp-includes\class-wp-recovery-mode-email-service.php on line 368
[24-Jul-2024 09:26:38 UTC] PHP Fatal error:  Cannot redeclare wp_enqueue_scripts() (previously declared in C:\Users\charl\Local Sites\koukaki\app\public\wp-includes\script-loader.php:2263) in C:\Users\charl\Local Sites\koukaki\app\public\wp-content\themes\foce-child\functions.php on line 10
[24-Jul-2024 09:26:38 UTC] PHP Fatal error:  Cannot redeclare wp_enqueue_scripts() (previously declared in C:\Users\charl\Local Sites\koukaki\app\public\wp-includes\script-loader.php:2263) in C:\Users\charl\Local Sites\koukaki\app\public\wp-content\themes\foce-child\functions.php on line 10
[24-Jul-2024 09:27:07 UTC] PHP Fatal error:  Cannot redeclare wp_enqueue_scripts() (previously declared in C:\Users\charl\Local Sites\koukaki\app\public\wp-includes\script-loader.php:2263) in C:\Users\charl\Local Sites\koukaki\app\public\wp-content\themes\foce-child\functions.php on line 10
[24-Jul-2024 09:27:08 UTC] PHP Fatal error:  Cannot redeclare wp_enqueue_scripts() (previously declared in C:\Users\charl\Local Sites\koukaki\app\public\wp-includes\script-loader.php:2263) in C:\Users\charl\Local Sites\koukaki\app\public\wp-content\themes\foce-child\functions.php on line 10
[24-Jul-2024 09:27:30 UTC] PHP Fatal error:  Cannot redeclare wp_enqueue_scripts() (previously declared in C:\Users\charl\Local Sites\koukaki\app\public\wp-includes\script-loader.php:2263) in C:\Users\charl\Local Sites\koukaki\app\public\wp-content\themes\foce-child\functions.php on line 10
[24-Jul-2024 09:27:30 UTC] PHP Fatal error:  Cannot redeclare wp_enqueue_scripts() (previously declared in C:\Users\charl\Local Sites\koukaki\app\public\wp-includes\script-loader.php:2263) in C:\Users\charl\Local Sites\koukaki\app\public\wp-content\themes\foce-child\functions.php on line 10
[24-Jul-2024 09:27:31 UTC] PHP Fatal error:  Cannot redeclare wp_enqueue_scripts() (previously declared in C:\Users\charl\Local Sites\koukaki\app\public\wp-includes\script-loader.php:2263) in C:\Users\charl\Local Sites\koukaki\app\public\wp-content\themes\foce-child\functions.php on line 10
[24-Jul-2024 09:27:31 UTC] PHP Fatal error:  Cannot redeclare wp_enqueue_scripts() (previously declared in C:\Users\charl\Local Sites\koukaki\app\public\wp-includes\script-loader.php:2263) in C:\Users\charl\Local Sites\koukaki\app\public\wp-content\themes\foce-child\functions.php on line 10
[24-Jul-2024 09:28:32 UTC] PHP Fatal error:  Uncaught TypeError: call_user_func_array(): Argument #1 ($callback) must be a valid callback, function "theme_enqueue_styles" not found or invalid function name in C:\Users\charl\Local Sites\koukaki\app\public\wp-includes\class-wp-hook.php:324
Stack trace:
#0 C:\Users\charl\Local Sites\koukaki\app\public\wp-includes\class-wp-hook.php(348): WP_Hook->apply_filters(NULL, Array)
#1 C:\Users\charl\Local Sites\koukaki\app\public\wp-includes\plugin.php(517): WP_Hook->do_action(Array)
#2 C:\Users\charl\Local Sites\koukaki\app\public\wp-includes\script-loader.php(2263): do_action('wp_enqueue_scri...')
#3 C:\Users\charl\Local Sites\koukaki\app\public\wp-includes\class-wp-hook.php(324): wp_enqueue_scripts('')
#4 C:\Users\charl\Local Sites\koukaki\app\public\wp-includes\class-wp-hook.php(348): WP_Hook->apply_filters(NULL, Array)
#5 C:\Users\charl\Local Sites\koukaki\app\public\wp-includes\plugin.php(517): WP_Hook->do_action(Array)
#6 C:\Users\charl\Local Sites\koukaki\app\public\wp-includes\general-template.php(3065): do_action('wp_head')
#7 C:\Users\charl\Local Sites\koukaki\app\public\wp-content\themes\foce-child\header.php(20): wp_head()
#8 C:\Users\charl\Local Sites\koukaki\app\public\wp-includes\template.php(810): require_once('C:\\Users\\charl\\...')
#9 C:\Users\charl\Local Sites\koukaki\app\public\wp-includes\template.php(745): load_template('C:\\Users\\charl\\...', true, Array)
#10 C:\Users\charl\Local Sites\koukaki\app\public\wp-includes\general-template.php(48): locate_template(Array, true, true, Array)
#11 C:\Users\charl\Local Sites\koukaki\app\public\wp-content\themes\foce-child\front-page.php(3): get_header()
#12 C:\Users\charl\Local Sites\koukaki\app\public\wp-includes\template-loader.php(106): include('C:\\Users\\charl\\...')
#13 C:\Users\charl\Local Sites\koukaki\app\public\wp-blog-header.php(19): require_once('C:\\Users\\charl\\...')
#14 C:\Users\charl\Local Sites\koukaki\app\public\index.php(17): require('C:\\Users\\charl\\...')
#15 {main}
  thrown in C:\Users\charl\Local Sites\koukaki\app\public\wp-includes\class-wp-hook.php on line 324
[24-Jul-2024 09:29:16 UTC] PHP Fatal error:  Uncaught TypeError: call_user_func_array(): Argument #1 ($callback) must be a valid callback, function "theme_enqueue_styles" not found or invalid function name in C:\Users\charl\Local Sites\koukaki\app\public\wp-includes\class-wp-hook.php:324
Stack trace:
#0 C:\Users\charl\Local Sites\koukaki\app\public\wp-includes\class-wp-hook.php(348): WP_Hook->apply_filters(NULL, Array)
#1 C:\Users\charl\Local Sites\koukaki\app\public\wp-includes\plugin.php(517): WP_Hook->do_action(Array)
#2 C:\Users\charl\Local Sites\koukaki\app\public\wp-includes\script-loader.php(2263): do_action('wp_enqueue_scri...')
#3 C:\Users\charl\Local Sites\koukaki\app\public\wp-includes\class-wp-hook.php(324): wp_enqueue_scripts('')
#4 C:\Users\charl\Local Sites\koukaki\app\public\wp-includes\class-wp-hook.php(348): WP_Hook->apply_filters(NULL, Array)
#5 C:\Users\charl\Local Sites\koukaki\app\public\wp-includes\plugin.php(517): WP_Hook->do_action(Array)
#6 C:\Users\charl\Local Sites\koukaki\app\public\wp-includes\general-template.php(3065): do_action('wp_head')
#7 C:\Users\charl\Local Sites\koukaki\app\public\wp-content\themes\foce-child\header.php(20): wp_head()
#8 C:\Users\charl\Local Sites\koukaki\app\public\wp-includes\template.php(810): require_once('C:\\Users\\charl\\...')
#9 C:\Users\charl\Local Sites\koukaki\app\public\wp-includes\template.php(745): load_template('C:\\Users\\charl\\...', true, Array)
#10 C:\Users\charl\Local Sites\koukaki\app\public\wp-includes\general-template.php(48): locate_template(Array, true, true, Array)
#11 C:\Users\charl\Local Sites\koukaki\app\public\wp-content\themes\foce-child\front-page.php(3): get_header()
#12 C:\Users\charl\Local Sites\koukaki\app\public\wp-includes\template-loader.php(106): include('C:\\Users\\charl\\...')
#13 C:\Users\charl\Local Sites\koukaki\app\public\wp-blog-header.php(19): require_once('C:\\Users\\charl\\...')
#14 C:\Users\charl\Local Sites\koukaki\app\public\index.php(17): require('C:\\Users\\charl\\...')
#15 {main}
  thrown in C:\Users\charl\Local Sites\koukaki\app\public\wp-includes\class-wp-hook.php on line 324
[24-Jul-2024 09:29:17 UTC] PHP Fatal error:  Uncaught TypeError: call_user_func_array(): Argument #1 ($callback) must be a valid callback, function "theme_enqueue_styles" not found or invalid function name in C:\Users\charl\Local Sites\koukaki\app\public\wp-includes\class-wp-hook.php:324
Stack trace:
#0 C:\Users\charl\Local Sites\koukaki\app\public\wp-includes\class-wp-hook.php(348): WP_Hook->apply_filters(NULL, Array)
#1 C:\Users\charl\Local Sites\koukaki\app\public\wp-includes\plugin.php(517): WP_Hook->do_action(Array)
#2 C:\Users\charl\Local Sites\koukaki\app\public\wp-includes\script-loader.php(2263): do_action('wp_enqueue_scri...')
#3 C:\Users\charl\Local Sites\koukaki\app\public\wp-includes\class-wp-hook.php(324): wp_enqueue_scripts('')
#4 C:\Users\charl\Local Sites\koukaki\app\public\wp-includes\class-wp-hook.php(348): WP_Hook->apply_filters(NULL, Array)
#5 C:\Users\charl\Local Sites\koukaki\app\public\wp-includes\plugin.php(517): WP_Hook->do_action(Array)
#6 C:\Users\charl\Local Sites\koukaki\app\public\wp-includes\general-template.php(3065): do_action('wp_head')
#7 C:\Users\charl\Local Sites\koukaki\app\public\wp-content\themes\foce-child\header.php(20): wp_head()
#8 C:\Users\charl\Local Sites\koukaki\app\public\wp-includes\template.php(810): require_once('C:\\Users\\charl\\...')
#9 C:\Users\charl\Local Sites\koukaki\app\public\wp-includes\template.php(745): load_template('C:\\Users\\charl\\...', true, Array)
#10 C:\Users\charl\Local Sites\koukaki\app\public\wp-includes\general-template.php(48): locate_template(Array, true, true, Array)
#11 C:\Users\charl\Local Sites\koukaki\app\public\wp-content\themes\foce-child\front-page.php(3): get_header()
#12 C:\Users\charl\Local Sites\koukaki\app\public\wp-includes\template-loader.php(106): include('C:\\Users\\charl\\...')
#13 C:\Users\charl\Local Sites\koukaki\app\public\wp-blog-header.php(19): require_once('C:\\Users\\charl\\...')
#14 C:\Users\charl\Local Sites\koukaki\app\public\index.php(17): require('C:\\Users\\charl\\...')
#15 {main}
  thrown in C:\Users\charl\Local Sites\koukaki\app\public\wp-includes\class-wp-hook.php on line 324
[24-Jul-2024 09:32:37 UTC] PHP Fatal error:  Uncaught TypeError: call_user_func_array(): Argument #1 ($callback) must be a valid callback, function "theme_enqueue_styles" not found or invalid function name in C:\Users\charl\Local Sites\koukaki\app\public\wp-includes\class-wp-hook.php:324
Stack trace:
#0 C:\Users\charl\Local Sites\koukaki\app\public\wp-includes\class-wp-hook.php(348): WP_Hook->apply_filters(NULL, Array)
#1 C:\Users\charl\Local Sites\koukaki\app\public\wp-includes\plugin.php(517): WP_Hook->do_action(Array)
#2 C:\Users\charl\Local Sites\koukaki\app\public\wp-includes\script-loader.php(2263): do_action('wp_enqueue_scri...')
#3 C:\Users\charl\Local Sites\koukaki\app\public\wp-includes\class-wp-hook.php(324): wp_enqueue_scripts('')
#4 C:\Users\charl\Local Sites\koukaki\app\public\wp-includes\class-wp-hook.php(348): WP_Hook->apply_filters(NULL, Array)
#5 C:\Users\charl\Local Sites\koukaki\app\public\wp-includes\plugin.php(517): WP_Hook->do_action(Array)
#6 C:\Users\charl\Local Sites\koukaki\app\public\wp-includes\general-template.php(3065): do_action('wp_head')
#7 C:\Users\charl\Local Sites\koukaki\app\public\wp-content\themes\foce-child\header.php(20): wp_head()
#8 C:\Users\charl\Local Sites\koukaki\app\public\wp-includes\template.php(810): require_once('C:\\Users\\charl\\...')
#9 C:\Users\charl\Local Sites\koukaki\app\public\wp-includes\template.php(745): load_template('C:\\Users\\charl\\...', true, Array)
#10 C:\Users\charl\Local Sites\koukaki\app\public\wp-includes\general-template.php(48): locate_template(Array, true, true, Array)
#11 C:\Users\charl\Local Sites\koukaki\app\public\wp-content\themes\foce-child\front-page.php(3): get_header()
#12 C:\Users\charl\Local Sites\koukaki\app\public\wp-includes\template-loader.php(106): include('C:\\Users\\charl\\...')
#13 C:\Users\charl\Local Sites\koukaki\app\public\wp-blog-header.php(19): require_once('C:\\Users\\charl\\...')
#14 C:\Users\charl\Local Sites\koukaki\app\public\index.php(17): require('C:\\Users\\charl\\...')
#15 {main}
  thrown in C:\Users\charl\Local Sites\koukaki\app\public\wp-includes\class-wp-hook.php on line 324
[24-Jul-2024 09:33:03 UTC] PHP Fatal error:  Uncaught TypeError: call_user_func_array(): Argument #1 ($callback) must be a valid callback, function "theme_enqueue_styles" not found or invalid function name in C:\Users\charl\Local Sites\koukaki\app\public\wp-includes\class-wp-hook.php:324
Stack trace:
#0 C:\Users\charl\Local Sites\koukaki\app\public\wp-includes\class-wp-hook.php(348): WP_Hook->apply_filters(NULL, Array)
#1 C:\Users\charl\Local Sites\koukaki\app\public\wp-includes\plugin.php(517): WP_Hook->do_action(Array)
#2 C:\Users\charl\Local Sites\koukaki\app\public\wp-includes\script-loader.php(2263): do_action('wp_enqueue_scri...')
#3 C:\Users\charl\Local Sites\koukaki\app\public\wp-includes\class-wp-hook.php(324): wp_enqueue_scripts('')
#4 C:\Users\charl\Local Sites\koukaki\app\public\wp-includes\class-wp-hook.php(348): WP_Hook->apply_filters(NULL, Array)
#5 C:\Users\charl\Local Sites\koukaki\app\public\wp-includes\plugin.php(517): WP_Hook->do_action(Array)
#6 C:\Users\charl\Local Sites\koukaki\app\public\wp-includes\general-template.php(3065): do_action('wp_head')
#7 C:\Users\charl\Local Sites\koukaki\app\public\wp-content\themes\foce-child\header.php(20): wp_head()
#8 C:\Users\charl\Local Sites\koukaki\app\public\wp-includes\template.php(810): require_once('C:\\Users\\charl\\...')
#9 C:\Users\charl\Local Sites\koukaki\app\public\wp-includes\template.php(745): load_template('C:\\Users\\charl\\...', true, Array)
#10 C:\Users\charl\Local Sites\koukaki\app\public\wp-includes\general-template.php(48): locate_template(Array, true, true, Array)
#11 C:\Users\charl\Local Sites\koukaki\app\public\wp-content\themes\foce-child\front-page.php(3): get_header()
#12 C:\Users\charl\Local Sites\koukaki\app\public\wp-includes\template-loader.php(106): include('C:\\Users\\charl\\...')
#13 C:\Users\charl\Local Sites\koukaki\app\public\wp-blog-header.php(19): require_once('C:\\Users\\charl\\...')
#14 C:\Users\charl\Local Sites\koukaki\app\public\index.php(17): require('C:\\Users\\charl\\...')
#15 {main}
  thrown in C:\Users\charl\Local Sites\koukaki\app\public\wp-includes\class-wp-hook.php on line 324
[24-Jul-2024 09:33:04 UTC] PHP Fatal error:  Uncaught TypeError: call_user_func_array(): Argument #1 ($callback) must be a valid callback, function "theme_enqueue_styles" not found or invalid function name in C:\Users\charl\Local Sites\koukaki\app\public\wp-includes\class-wp-hook.php:324
Stack trace:
#0 C:\Users\charl\Local Sites\koukaki\app\public\wp-includes\class-wp-hook.php(348): WP_Hook->apply_filters(NULL, Array)
#1 C:\Users\charl\Local Sites\koukaki\app\public\wp-includes\plugin.php(517): WP_Hook->do_action(Array)
#2 C:\Users\charl\Local Sites\koukaki\app\public\wp-includes\script-loader.php(2263): do_action('wp_enqueue_scri...')
#3 C:\Users\charl\Local Sites\koukaki\app\public\wp-includes\class-wp-hook.php(324): wp_enqueue_scripts('')
#4 C:\Users\charl\Local Sites\koukaki\app\public\wp-includes\class-wp-hook.php(348): WP_Hook->apply_filters(NULL, Array)
#5 C:\Users\charl\Local Sites\koukaki\app\public\wp-includes\plugin.php(517): WP_Hook->do_action(Array)
#6 C:\Users\charl\Local Sites\koukaki\app\public\wp-includes\general-template.php(3065): do_action('wp_head')
#7 C:\Users\charl\Local Sites\koukaki\app\public\wp-content\themes\foce-child\header.php(20): wp_head()
#8 C:\Users\charl\Local Sites\koukaki\app\public\wp-includes\template.php(810): require_once('C:\\Users\\charl\\...')
#9 C:\Users\charl\Local Sites\koukaki\app\public\wp-includes\template.php(745): load_template('C:\\Users\\charl\\...', true, Array)
#10 C:\Users\charl\Local Sites\koukaki\app\public\wp-includes\general-template.php(48): locate_template(Array, true, true, Array)
#11 C:\Users\charl\Local Sites\koukaki\app\public\wp-content\themes\foce-child\front-page.php(3): get_header()
#12 C:\Users\charl\Local Sites\koukaki\app\public\wp-includes\template-loader.php(106): include('C:\\Users\\charl\\...')
#13 C:\Users\charl\Local Sites\koukaki\app\public\wp-blog-header.php(19): require_once('C:\\Users\\charl\\...')
#14 C:\Users\charl\Local Sites\koukaki\app\public\index.php(17): require('C:\\Users\\charl\\...')
#15 {main}
  thrown in C:\Users\charl\Local Sites\koukaki\app\public\wp-includes\class-wp-hook.php on line 324
[24-Jul-2024 09:39:48 UTC] PHP Fatal error:  Uncaught TypeError: call_user_func_array(): Argument #1 ($callback) must be a valid callback, function "theme_enqueue_styles" not found or invalid function name in C:\Users\charl\Local Sites\koukaki\app\public\wp-includes\class-wp-hook.php:324
Stack trace:
#0 C:\Users\charl\Local Sites\koukaki\app\public\wp-includes\class-wp-hook.php(348): WP_Hook->apply_filters(NULL, Array)
#1 C:\Users\charl\Local Sites\koukaki\app\public\wp-includes\plugin.php(517): WP_Hook->do_action(Array)
#2 C:\Users\charl\Local Sites\koukaki\app\public\wp-includes\script-loader.php(2263): do_action('wp_enqueue_scri...')
#3 C:\Users\charl\Local Sites\koukaki\app\public\wp-includes\class-wp-hook.php(324): wp_enqueue_scripts('')
#4 C:\Users\charl\Local Sites\koukaki\app\public\wp-includes\class-wp-hook.php(348): WP_Hook->apply_filters(NULL, Array)
#5 C:\Users\charl\Local Sites\koukaki\app\public\wp-includes\plugin.php(517): WP_Hook->do_action(Array)
#6 C:\Users\charl\Local Sites\koukaki\app\public\wp-includes\general-template.php(3065): do_action('wp_head')
#7 C:\Users\charl\Local Sites\koukaki\app\public\wp-content\themes\foce-child\header.php(20): wp_head()
#8 C:\Users\charl\Local Sites\koukaki\app\public\wp-includes\template.php(810): require_once('C:\\Users\\charl\\...')
#9 C:\Users\charl\Local Sites\koukaki\app\public\wp-includes\template.php(745): load_template('C:\\Users\\charl\\...', true, Array)
#10 C:\Users\charl\Local Sites\koukaki\app\public\wp-includes\general-template.php(48): locate_template(Array, true, true, Array)
#11 C:\Users\charl\Local Sites\koukaki\app\public\wp-content\themes\foce-child\front-page.php(3): get_header()
#12 C:\Users\charl\Local Sites\koukaki\app\public\wp-includes\template-loader.php(106): include('C:\\Users\\charl\\...')
#13 C:\Users\charl\Local Sites\koukaki\app\public\wp-blog-header.php(19): require_once('C:\\Users\\charl\\...')
#14 C:\Users\charl\Local Sites\koukaki\app\public\index.php(17): require('C:\\Users\\charl\\...')
#15 {main}
  thrown in C:\Users\charl\Local Sites\koukaki\app\public\wp-includes\class-wp-hook.php on line 324
[24-Jul-2024 09:39:49 UTC] PHP Fatal error:  Uncaught TypeError: call_user_func_array(): Argument #1 ($callback) must be a valid callback, function "theme_enqueue_styles" not found or invalid function name in C:\Users\charl\Local Sites\koukaki\app\public\wp-includes\class-wp-hook.php:324
Stack trace:
#0 C:\Users\charl\Local Sites\koukaki\app\public\wp-includes\class-wp-hook.php(348): WP_Hook->apply_filters(NULL, Array)
#1 C:\Users\charl\Local Sites\koukaki\app\public\wp-includes\plugin.php(517): WP_Hook->do_action(Array)
#2 C:\Users\charl\Local Sites\koukaki\app\public\wp-includes\script-loader.php(2263): do_action('wp_enqueue_scri...')
#3 C:\Users\charl\Local Sites\koukaki\app\public\wp-includes\class-wp-hook.php(324): wp_enqueue_scripts('')
#4 C:\Users\charl\Local Sites\koukaki\app\public\wp-includes\class-wp-hook.php(348): WP_Hook->apply_filters(NULL, Array)
#5 C:\Users\charl\Local Sites\koukaki\app\public\wp-includes\plugin.php(517): WP_Hook->do_action(Array)
#6 C:\Users\charl\Local Sites\koukaki\app\public\wp-includes\general-template.php(3065): do_action('wp_head')
#7 C:\Users\charl\Local Sites\koukaki\app\public\wp-content\themes\foce-child\header.php(20): wp_head()
#8 C:\Users\charl\Local Sites\koukaki\app\public\wp-includes\template.php(810): require_once('C:\\Users\\charl\\...')
#9 C:\Users\charl\Local Sites\koukaki\app\public\wp-includes\template.php(745): load_template('C:\\Users\\charl\\...', true, Array)
#10 C:\Users\charl\Local Sites\koukaki\app\public\wp-includes\general-template.php(48): locate_template(Array, true, true, Array)
#11 C:\Users\charl\Local Sites\koukaki\app\public\wp-content\themes\foce-child\front-page.php(3): get_header()
#12 C:\Users\charl\Local Sites\koukaki\app\public\wp-includes\template-loader.php(106): include('C:\\Users\\charl\\...')
#13 C:\Users\charl\Local Sites\koukaki\app\public\wp-blog-header.php(19): require_once('C:\\Users\\charl\\...')
#14 C:\Users\charl\Local Sites\koukaki\app\public\index.php(17): require('C:\\Users\\charl\\...')
#15 {main}
  thrown in C:\Users\charl\Local Sites\koukaki\app\public\wp-includes\class-wp-hook.php on line 324
[24-Jul-2024 09:39:52 UTC] PHP Fatal error:  Uncaught TypeError: call_user_func_array(): Argument #1 ($callback) must be a valid callback, function "theme_enqueue_styles" not found or invalid function name in C:\Users\charl\Local Sites\koukaki\app\public\wp-includes\class-wp-hook.php:324
Stack trace:
#0 C:\Users\charl\Local Sites\koukaki\app\public\wp-includes\class-wp-hook.php(348): WP_Hook->apply_filters(NULL, Array)
#1 C:\Users\charl\Local Sites\koukaki\app\public\wp-includes\plugin.php(517): WP_Hook->do_action(Array)
#2 C:\Users\charl\Local Sites\koukaki\app\public\wp-includes\script-loader.php(2263): do_action('wp_enqueue_scri...')
#3 C:\Users\charl\Local Sites\koukaki\app\public\wp-includes\class-wp-hook.php(324): wp_enqueue_scripts('')
#4 C:\Users\charl\Local Sites\koukaki\app\public\wp-includes\class-wp-hook.php(348): WP_Hook->apply_filters(NULL, Array)
#5 C:\Users\charl\Local Sites\koukaki\app\public\wp-includes\plugin.php(517): WP_Hook->do_action(Array)
#6 C:\Users\charl\Local Sites\koukaki\app\public\wp-includes\general-template.php(3065): do_action('wp_head')
#7 C:\Users\charl\Local Sites\koukaki\app\public\wp-content\themes\foce-child\header.php(20): wp_head()
#8 C:\Users\charl\Local Sites\koukaki\app\public\wp-includes\template.php(810): require_once('C:\\Users\\charl\\...')
#9 C:\Users\charl\Local Sites\koukaki\app\public\wp-includes\template.php(745): load_template('C:\\Users\\charl\\...', true, Array)
#10 C:\Users\charl\Local Sites\koukaki\app\public\wp-includes\general-template.php(48): locate_template(Array, true, true, Array)
#11 C:\Users\charl\Local Sites\koukaki\app\public\wp-content\themes\foce-child\front-page.php(3): get_header()
#12 C:\Users\charl\Local Sites\koukaki\app\public\wp-includes\template-loader.php(106): include('C:\\Users\\charl\\...')
#13 C:\Users\charl\Local Sites\koukaki\app\public\wp-blog-header.php(19): require_once('C:\\Users\\charl\\...')
#14 C:\Users\charl\Local Sites\koukaki\app\public\index.php(17): require('C:\\Users\\charl\\...')
#15 {main}
  thrown in C:\Users\charl\Local Sites\koukaki\app\public\wp-includes\class-wp-hook.php on line 324
[24-Jul-2024 09:41:02 UTC] PHP Fatal error:  Uncaught TypeError: call_user_func_array(): Argument #1 ($callback) must be a valid callback, function "theme_enqueue_styles" not found or invalid function name in C:\Users\charl\Local Sites\koukaki\app\public\wp-includes\class-wp-hook.php:324
Stack trace:
#0 C:\Users\charl\Local Sites\koukaki\app\public\wp-includes\class-wp-hook.php(348): WP_Hook->apply_filters(NULL, Array)
#1 C:\Users\charl\Local Sites\koukaki\app\public\wp-includes\plugin.php(517): WP_Hook->do_action(Array)
#2 C:\Users\charl\Local Sites\koukaki\app\public\wp-includes\script-loader.php(2263): do_action('wp_enqueue_scri...')
#3 C:\Users\charl\Local Sites\koukaki\app\public\wp-includes\class-wp-hook.php(324): wp_enqueue_scripts('')
#4 C:\Users\charl\Local Sites\koukaki\app\public\wp-includes\class-wp-hook.php(348): WP_Hook->apply_filters(NULL, Array)
#5 C:\Users\charl\Local Sites\koukaki\app\public\wp-includes\plugin.php(517): WP_Hook->do_action(Array)
#6 C:\Users\charl\Local Sites\koukaki\app\public\wp-includes\general-template.php(3065): do_action('wp_head')
#7 C:\Users\charl\Local Sites\koukaki\app\public\wp-content\themes\foce-child\header.php(20): wp_head()
#8 C:\Users\charl\Local Sites\koukaki\app\public\wp-includes\template.php(810): require_once('C:\\Users\\charl\\...')
#9 C:\Users\charl\Local Sites\koukaki\app\public\wp-includes\template.php(745): load_template('C:\\Users\\charl\\...', true, Array)
#10 C:\Users\charl\Local Sites\koukaki\app\public\wp-includes\general-template.php(48): locate_template(Array, true, true, Array)
#11 C:\Users\charl\Local Sites\koukaki\app\public\wp-content\themes\foce-child\front-page.php(3): get_header()
#12 C:\Users\charl\Local Sites\koukaki\app\public\wp-includes\template-loader.php(106): include('C:\\Users\\charl\\...')
#13 C:\Users\charl\Local Sites\koukaki\app\public\wp-blog-header.php(19): require_once('C:\\Users\\charl\\...')
#14 C:\Users\charl\Local Sites\koukaki\app\public\index.php(17): require('C:\\Users\\charl\\...')
#15 {main}
  thrown in C:\Users\charl\Local Sites\koukaki\app\public\wp-includes\class-wp-hook.php on line 324
[24-Jul-2024 09:41:19 UTC] PHP Fatal error:  Uncaught TypeError: call_user_func_array(): Argument #1 ($callback) must be a valid callback, function "theme_enqueue_styles" not found or invalid function name in C:\Users\charl\Local Sites\koukaki\app\public\wp-includes\class-wp-hook.php:324
Stack trace:
#0 C:\Users\charl\Local Sites\koukaki\app\public\wp-includes\class-wp-hook.php(348): WP_Hook->apply_filters(NULL, Array)
#1 C:\Users\charl\Local Sites\koukaki\app\public\wp-includes\plugin.php(517): WP_Hook->do_action(Array)
#2 C:\Users\charl\Local Sites\koukaki\app\public\wp-includes\script-loader.php(2263): do_action('wp_enqueue_scri...')
#3 C:\Users\charl\Local Sites\koukaki\app\public\wp-includes\class-wp-hook.php(324): wp_enqueue_scripts('')
#4 C:\Users\charl\Local Sites\koukaki\app\public\wp-includes\class-wp-hook.php(348): WP_Hook->apply_filters(NULL, Array)
#5 C:\Users\charl\Local Sites\koukaki\app\public\wp-includes\plugin.php(517): WP_Hook->do_action(Array)
#6 C:\Users\charl\Local Sites\koukaki\app\public\wp-includes\general-template.php(3065): do_action('wp_head')
#7 C:\Users\charl\Local Sites\koukaki\app\public\wp-content\themes\foce-child\header.php(20): wp_head()
#8 C:\Users\charl\Local Sites\koukaki\app\public\wp-includes\template.php(810): require_once('C:\\Users\\charl\\...')
#9 C:\Users\charl\Local Sites\koukaki\app\public\wp-includes\template.php(745): load_template('C:\\Users\\charl\\...', true, Array)
#10 C:\Users\charl\Local Sites\koukaki\app\public\wp-includes\general-template.php(48): locate_template(Array, true, true, Array)
#11 C:\Users\charl\Local Sites\koukaki\app\public\wp-content\themes\foce-child\front-page.php(3): get_header()
#12 C:\Users\charl\Local Sites\koukaki\app\public\wp-includes\template-loader.php(106): include('C:\\Users\\charl\\...')
#13 C:\Users\charl\Local Sites\koukaki\app\public\wp-blog-header.php(19): require_once('C:\\Users\\charl\\...')
#14 C:\Users\charl\Local Sites\koukaki\app\public\index.php(17): require('C:\\Users\\charl\\...')
#15 {main}
  thrown in C:\Users\charl\Local Sites\koukaki\app\public\wp-includes\class-wp-hook.php on line 324
[24-Jul-2024 09:43:09 UTC] PHP Fatal error:  Uncaught ArgumentCountError: call_user_func_array() expects exactly 2 arguments, 1 given in C:\Users\charl\Local Sites\koukaki\app\public\wp-includes\class-wp-hook.php:324
Stack trace:
#0 C:\Users\charl\Local Sites\koukaki\app\public\wp-includes\class-wp-hook.php(324): call_user_func_array(Array)
#1 C:\Users\charl\Local Sites\koukaki\app\public\wp-includes\plugin.php(205): WP_Hook->apply_filters('SELECT option_n...', Array)
#2 C:\Users\charl\Local Sites\koukaki\app\public\wp-includes\class-wpdb.php(2221): apply_filters('query', 'SELECT option_n...')
#3 C:\Users\charl\Local Sites\koukaki\app\public\wp-includes\class-wpdb.php(3141): wpdb->query('SELECT option_n...')
#4 C:\Users\charl\Local Sites\koukaki\app\public\wp-includes\option.php(609): wpdb->get_results('SELECT option_n...')
#5 C:\Users\charl\Local Sites\koukaki\app\public\wp-includes\functions.php(1780): wp_load_alloptions()
#6 C:\Users\charl\Local Sites\koukaki\app\public\wp-includes\load.php(915): is_blog_installed()
#7 C:\Users\charl\Local Sites\koukaki\app\public\wp-settings.php(174): wp_not_installed()
#8 C:\Users\charl\Local Sites\koukaki\app\public\wp-config.php(103): require_once('C:\\Users\\charl\\...')
#9 C:\Users\charl\Local Sites\koukaki\app\public\wp-load.php(50): require_once('C:\\Users\\charl\\...')
#10 C:\Users\charl\Local Sites\koukaki\app\public\wp-blog-header.php(13): require_once('C:\\Users\\charl\\...')
#11 C:\Users\charl\Local Sites\koukaki\app\public\index.php(17): require('C:\\Users\\charl\\...')
#12 {main}
  thrown in C:\Users\charl\Local Sites\koukaki\app\public\wp-includes\class-wp-hook.php on line 324
[24-Jul-2024 09:43:09 UTC] PHP Fatal error:  Uncaught ArgumentCountError: call_user_func_array() expects exactly 2 arguments, 1 given in C:\Users\charl\Local Sites\koukaki\app\public\wp-includes\class-wp-hook.php:324
Stack trace:
#0 C:\Users\charl\Local Sites\koukaki\app\public\wp-includes\class-wp-hook.php(324): call_user_func_array(Array)
#1 C:\Users\charl\Local Sites\koukaki\app\public\wp-includes\plugin.php(205): WP_Hook->apply_filters('SELECT option_n...', Array)
#2 C:\Users\charl\Local Sites\koukaki\app\public\wp-includes\class-wpdb.php(2221): apply_filters('query', 'SELECT option_n...')
#3 C:\Users\charl\Local Sites\koukaki\app\public\wp-includes\class-wpdb.php(3141): wpdb->query('SELECT option_n...')
#4 C:\Users\charl\Local Sites\koukaki\app\public\wp-includes\option.php(609): wpdb->get_results('SELECT option_n...')
#5 C:\Users\charl\Local Sites\koukaki\app\public\wp-includes\option.php(164): wp_load_alloptions()
#6 C:\Users\charl\Local Sites\koukaki\app\public\wp-includes\l10n.php(63): get_option('WPLANG')
#7 C:\Users\charl\Local Sites\koukaki\app\public\wp-includes\l10n.php(165): get_locale()
#8 C:\Users\charl\Local Sites\koukaki\app\public\wp-includes\l10n.php(953): determine_locale()
#9 C:\Users\charl\Local Sites\koukaki\app\public\wp-includes\class-wp-fatal-error-handler.php(49): load_default_textdomain()
#10 [internal function]: WP_Fatal_Error_Handler->handle()
#11 {main}
  thrown in C:\Users\charl\Local Sites\koukaki\app\public\wp-includes\class-wp-hook.php on line 324
[24-Jul-2024 09:43:09 UTC] PHP Fatal error:  Uncaught ArgumentCountError: call_user_func_array() expects exactly 2 arguments, 1 given in C:\Users\charl\Local Sites\koukaki\app\public\wp-includes\class-wp-hook.php:324
Stack trace:
#0 C:\Users\charl\Local Sites\koukaki\app\public\wp-includes\class-wp-hook.php(324): call_user_func_array(Array)
#1 C:\Users\charl\Local Sites\koukaki\app\public\wp-includes\plugin.php(205): WP_Hook->apply_filters('SELECT option_n...', Array)
#2 C:\Users\charl\Local Sites\koukaki\app\public\wp-includes\class-wpdb.php(2221): apply_filters('query', 'SELECT option_n...')
#3 C:\Users\charl\Local Sites\koukaki\app\public\wp-includes\class-wpdb.php(3141): wpdb->query('SELECT option_n...')
#4 C:\Users\charl\Local Sites\koukaki\app\public\wp-includes\option.php(609): wpdb->get_results('SELECT option_n...')
#5 C:\Users\charl\Local Sites\koukaki\app\public\wp-includes\functions.php(1780): wp_load_alloptions()
#6 C:\Users\charl\Local Sites\koukaki\app\public\wp-includes\load.php(915): is_blog_installed()
#7 C:\Users\charl\Local Sites\koukaki\app\public\wp-settings.php(174): wp_not_installed()
#8 C:\Users\charl\Local Sites\koukaki\app\public\wp-config.php(103): require_once('C:\\Users\\charl\\...')
#9 C:\Users\charl\Local Sites\koukaki\app\public\wp-load.php(50): require_once('C:\\Users\\charl\\...')
#10 C:\Users\charl\Local Sites\koukaki\app\public\wp-blog-header.php(13): require_once('C:\\Users\\charl\\...')
#11 C:\Users\charl\Local Sites\koukaki\app\public\index.php(17): require('C:\\Users\\charl\\...')
#12 {main}
  thrown in C:\Users\charl\Local Sites\koukaki\app\public\wp-includes\class-wp-hook.php on line 324
[24-Jul-2024 09:43:09 UTC] PHP Fatal error:  Uncaught ArgumentCountError: call_user_func_array() expects exactly 2 arguments, 1 given in C:\Users\charl\Local Sites\koukaki\app\public\wp-includes\class-wp-hook.php:324
Stack trace:
#0 C:\Users\charl\Local Sites\koukaki\app\public\wp-includes\class-wp-hook.php(324): call_user_func_array(Array)
#1 C:\Users\charl\Local Sites\koukaki\app\public\wp-includes\plugin.php(205): WP_Hook->apply_filters('SELECT option_n...', Array)
#2 C:\Users\charl\Local Sites\koukaki\app\public\wp-includes\class-wpdb.php(2221): apply_filters('query', 'SELECT option_n...')
#3 C:\Users\charl\Local Sites\koukaki\app\public\wp-includes\class-wpdb.php(3141): wpdb->query('SELECT option_n...')
#4 C:\Users\charl\Local Sites\koukaki\app\public\wp-includes\option.php(609): wpdb->get_results('SELECT option_n...')
#5 C:\Users\charl\Local Sites\koukaki\app\public\wp-includes\option.php(164): wp_load_alloptions()
#6 C:\Users\charl\Local Sites\koukaki\app\public\wp-includes\l10n.php(63): get_option('WPLANG')
#7 C:\Users\charl\Local Sites\koukaki\app\public\wp-includes\l10n.php(165): get_locale()
#8 C:\Users\charl\Local Sites\koukaki\app\public\wp-includes\l10n.php(953): determine_locale()
#9 C:\Users\charl\Local Sites\koukaki\app\public\wp-includes\class-wp-fatal-error-handler.php(49): load_default_textdomain()
#10 [internal function]: WP_Fatal_Error_Handler->handle()
#11 {main}
  thrown in C:\Users\charl\Local Sites\koukaki\app\public\wp-includes\class-wp-hook.php on line 324
[24-Jul-2024 09:43:29 UTC] PHP Fatal error:  Uncaught TypeError: call_user_func_array(): Argument #1 ($callback) must be a valid callback, function "theme_enqueue_styles" not found or invalid function name in C:\Users\charl\Local Sites\koukaki\app\public\wp-includes\class-wp-hook.php:324
Stack trace:
#0 C:\Users\charl\Local Sites\koukaki\app\public\wp-includes\class-wp-hook.php(348): WP_Hook->apply_filters(NULL, Array)
#1 C:\Users\charl\Local Sites\koukaki\app\public\wp-includes\plugin.php(517): WP_Hook->do_action(Array)
#2 C:\Users\charl\Local Sites\koukaki\app\public\wp-includes\script-loader.php(2263): do_action('wp_enqueue_scri...')
#3 C:\Users\charl\Local Sites\koukaki\app\public\wp-includes\class-wp-hook.php(324): wp_enqueue_scripts('')
#4 C:\Users\charl\Local Sites\koukaki\app\public\wp-includes\class-wp-hook.php(348): WP_Hook->apply_filters(NULL, Array)
#5 C:\Users\charl\Local Sites\koukaki\app\public\wp-includes\plugin.php(517): WP_Hook->do_action(Array)
#6 C:\Users\charl\Local Sites\koukaki\app\public\wp-includes\general-template.php(3065): do_action('wp_head')
#7 C:\Users\charl\Local Sites\koukaki\app\public\wp-content\themes\foce-child\header.php(20): wp_head()
#8 C:\Users\charl\Local Sites\koukaki\app\public\wp-includes\template.php(810): require_once('C:\\Users\\charl\\...')
#9 C:\Users\charl\Local Sites\koukaki\app\public\wp-includes\template.php(745): load_template('C:\\Users\\charl\\...', true, Array)
#10 C:\Users\charl\Local Sites\koukaki\app\public\wp-includes\general-template.php(48): locate_template(Array, true, true, Array)
#11 C:\Users\charl\Local Sites\koukaki\app\public\wp-content\themes\foce-child\front-page.php(3): get_header()
#12 C:\Users\charl\Local Sites\koukaki\app\public\wp-includes\template-loader.php(106): include('C:\\Users\\charl\\...')
#13 C:\Users\charl\Local Sites\koukaki\app\public\wp-blog-header.php(19): require_once('C:\\Users\\charl\\...')
#14 C:\Users\charl\Local Sites\koukaki\app\public\index.php(17): require('C:\\Users\\charl\\...')
#15 {main}
  thrown in C:\Users\charl\Local Sites\koukaki\app\public\wp-includes\class-wp-hook.php on line 324
[24-Jul-2024 09:48:41 UTC] PHP Fatal error:  Cannot redeclare wp_enqueue_scripts() (previously declared in C:\Users\charl\Local Sites\koukaki\app\public\wp-includes\script-loader.php:2263) in C:\Users\charl\Local Sites\koukaki\app\public\wp-content\themes\foce-child\functions.php on line 9
[24-Jul-2024 09:48:41 UTC] PHP Fatal error:  Cannot redeclare wp_enqueue_scripts() (previously declared in C:\Users\charl\Local Sites\koukaki\app\public\wp-includes\script-loader.php:2263) in C:\Users\charl\Local Sites\koukaki\app\public\wp-content\themes\foce-child\functions.php on line 9
[24-Jul-2024 09:49:00 UTC] PHP Fatal error:  Cannot redeclare wp_enqueue_scripts() (previously declared in C:\Users\charl\Local Sites\koukaki\app\public\wp-includes\script-loader.php:2263) in C:\Users\charl\Local Sites\koukaki\app\public\wp-content\themes\foce-child\functions.php on line 9
[24-Jul-2024 09:49:00 UTC] PHP Fatal error:  Cannot redeclare wp_enqueue_scripts() (previously declared in C:\Users\charl\Local Sites\koukaki\app\public\wp-includes\script-loader.php:2263) in C:\Users\charl\Local Sites\koukaki\app\public\wp-content\themes\foce-child\functions.php on line 9
[24-Jul-2024 09:49:01 UTC] PHP Fatal error:  Cannot redeclare wp_enqueue_scripts() (previously declared in C:\Users\charl\Local Sites\koukaki\app\public\wp-includes\script-loader.php:2263) in C:\Users\charl\Local Sites\koukaki\app\public\wp-content\themes\foce-child\functions.php on line 9
[24-Jul-2024 09:49:01 UTC] PHP Fatal error:  Cannot redeclare wp_enqueue_scripts() (previously declared in C:\Users\charl\Local Sites\koukaki\app\public\wp-includes\script-loader.php:2263) in C:\Users\charl\Local Sites\koukaki\app\public\wp-content\themes\foce-child\functions.php on line 9
[24-Jul-2024 09:50:10 UTC] PHP Fatal error:  Cannot redeclare wp_enqueue_scripts() (previously declared in C:\Users\charl\Local Sites\koukaki\app\public\wp-includes\script-loader.php:2263) in C:\Users\charl\Local Sites\koukaki\app\public\wp-content\themes\foce-child\functions.php on line 10
[24-Jul-2024 09:50:10 UTC] PHP Fatal error:  Cannot redeclare wp_enqueue_scripts() (previously declared in C:\Users\charl\Local Sites\koukaki\app\public\wp-includes\script-loader.php:2263) in C:\Users\charl\Local Sites\koukaki\app\public\wp-content\themes\foce-child\functions.php on line 10
[24-Jul-2024 09:50:22 UTC] PHP Fatal error:  Cannot redeclare wp_enqueue_scripts() (previously declared in C:\Users\charl\Local Sites\koukaki\app\public\wp-includes\script-loader.php:2263) in C:\Users\charl\Local Sites\koukaki\app\public\wp-content\themes\foce-child\functions.php on line 10
[24-Jul-2024 09:50:49 UTC] PHP Fatal error:  Cannot redeclare wp_enqueue_scripts() (previously declared in C:\Users\charl\Local Sites\koukaki\app\public\wp-includes\script-loader.php:2263) in C:\Users\charl\Local Sites\koukaki\app\public\wp-content\themes\foce-child\functions.php on line 9
[24-Jul-2024 09:50:49 UTC] PHP Fatal error:  Cannot redeclare wp_enqueue_scripts() (previously declared in C:\Users\charl\Local Sites\koukaki\app\public\wp-includes\script-loader.php:2263) in C:\Users\charl\Local Sites\koukaki\app\public\wp-content\themes\foce-child\functions.php on line 9
[24-Jul-2024 09:56:22 UTC] PHP Fatal error:  Cannot redeclare wp_enqueue_scripts() (previously declared in C:\Users\charl\Local Sites\koukaki\app\public\wp-includes\script-loader.php:2263) in C:\Users\charl\Local Sites\koukaki\app\public\wp-content\themes\foce-child\functions.php on line 10
[24-Jul-2024 09:56:22 UTC] PHP Fatal error:  Cannot redeclare wp_enqueue_scripts() (previously declared in C:\Users\charl\Local Sites\koukaki\app\public\wp-includes\script-loader.php:2263) in C:\Users\charl\Local Sites\koukaki\app\public\wp-content\themes\foce-child\functions.php on line 10
[24-Jul-2024 09:56:23 UTC] PHP Fatal error:  Cannot redeclare wp_enqueue_scripts() (previously declared in C:\Users\charl\Local Sites\koukaki\app\public\wp-includes\script-loader.php:2263) in C:\Users\charl\Local Sites\koukaki\app\public\wp-content\themes\foce-child\functions.php on line 10
[24-Jul-2024 09:56:23 UTC] PHP Fatal error:  Cannot redeclare wp_enqueue_scripts() (previously declared in C:\Users\charl\Local Sites\koukaki\app\public\wp-includes\script-loader.php:2263) in C:\Users\charl\Local Sites\koukaki\app\public\wp-content\themes\foce-child\functions.php on line 10
[24-Jul-2024 09:56:56 UTC] PHP Fatal error:  Cannot redeclare wp_enqueue_scripts() (previously declared in C:\Users\charl\Local Sites\koukaki\app\public\wp-includes\script-loader.php:2263) in C:\Users\charl\Local Sites\koukaki\app\public\wp-content\themes\foce-child\functions.php on line 10
[24-Jul-2024 09:56:56 UTC] PHP Fatal error:  Cannot redeclare wp_enqueue_scripts() (previously declared in C:\Users\charl\Local Sites\koukaki\app\public\wp-includes\script-loader.php:2263) in C:\Users\charl\Local Sites\koukaki\app\public\wp-content\themes\foce-child\functions.php on line 10
[24-Jul-2024 09:58:03 UTC] PHP Fatal error:  Cannot redeclare wp_enqueue_scripts() (previously declared in C:\Users\charl\Local Sites\koukaki\app\public\wp-includes\script-loader.php:2263) in C:\Users\charl\Local Sites\koukaki\app\public\wp-content\themes\foce-child\functions.php on line 10
[24-Jul-2024 09:58:03 UTC] PHP Fatal error:  Cannot redeclare wp_enqueue_scripts() (previously declared in C:\Users\charl\Local Sites\koukaki\app\public\wp-includes\script-loader.php:2263) in C:\Users\charl\Local Sites\koukaki\app\public\wp-content\themes\foce-child\functions.php on line 10
[24-Jul-2024 09:58:03 UTC] PHP Fatal error:  Cannot redeclare wp_enqueue_scripts() (previously declared in C:\Users\charl\Local Sites\koukaki\app\public\wp-includes\script-loader.php:2263) in C:\Users\charl\Local Sites\koukaki\app\public\wp-content\themes\foce-child\functions.php on line 10
[24-Jul-2024 09:58:03 UTC] PHP Fatal error:  Cannot redeclare wp_enqueue_scripts() (previously declared in C:\Users\charl\Local Sites\koukaki\app\public\wp-includes\script-loader.php:2263) in C:\Users\charl\Local Sites\koukaki\app\public\wp-content\themes\foce-child\functions.php on line 10
[24-Jul-2024 09:58:44 UTC] PHP Fatal error:  Cannot redeclare wp_enqueue_scripts() (previously declared in C:\Users\charl\Local Sites\koukaki\app\public\wp-includes\script-loader.php:2263) in C:\Users\charl\Local Sites\koukaki\app\public\wp-content\themes\foce-child\functions.php on line 10
[24-Jul-2024 09:58:44 UTC] PHP Fatal error:  Cannot redeclare wp_enqueue_scripts() (previously declared in C:\Users\charl\Local Sites\koukaki\app\public\wp-includes\script-loader.php:2263) in C:\Users\charl\Local Sites\koukaki\app\public\wp-content\themes\foce-child\functions.php on line 10
[24-Jul-2024 09:58:45 UTC] PHP Fatal error:  Cannot redeclare wp_enqueue_scripts() (previously declared in C:\Users\charl\Local Sites\koukaki\app\public\wp-includes\script-loader.php:2263) in C:\Users\charl\Local Sites\koukaki\app\public\wp-content\themes\foce-child\functions.php on line 10
[24-Jul-2024 09:58:45 UTC] PHP Fatal error:  Cannot redeclare wp_enqueue_scripts() (previously declared in C:\Users\charl\Local Sites\koukaki\app\public\wp-includes\script-loader.php:2263) in C:\Users\charl\Local Sites\koukaki\app\public\wp-content\themes\foce-child\functions.php on line 10
[25-Jul-2024 08:28:32 UTC] PHP Fatal error:  Maximum execution time of 1200 seconds exceeded in C:\Users\charl\Local Sites\koukaki\app\public\wp-includes\class-wp-dependencies.php on line 289
[25-Jul-2024 08:29:55 UTC] PHP Fatal error:  Maximum execution time of 1200 seconds exceeded in C:\Users\charl\Local Sites\koukaki\app\public\wp-includes\class-wp-dependencies.php on line 293
[29-Jul-2024 12:23:02 UTC] PHP Parse error:  syntax error, unexpected token "<", expecting end of file in C:\Users\charl\Local Sites\koukaki\app\public\wp-content\themes\foce-child\front-page.php on line 74
[12-Aug-2024 16:08:25 UTC] PHP Fatal error:  Uncaught Error: Call to undefined function url() in C:\Users\charl\Local Sites\koukaki\app\public\wp-content\themes\foce-child\front-page.php:11
Stack trace:
#0 C:\Users\charl\Local Sites\koukaki\app\public\wp-includes\template-loader.php(106): include()
#1 C:\Users\charl\Local Sites\koukaki\app\public\wp-blog-header.php(19): require_once('C:\\Users\\charl\\...')
#2 C:\Users\charl\Local Sites\koukaki\app\public\index.php(17): require('C:\\Users\\charl\\...')
#3 {main}
  thrown in C:\Users\charl\Local Sites\koukaki\app\public\wp-content\themes\foce-child\front-page.php on line 11
[12-Aug-2024 16:08:36 UTC] PHP Fatal error:  Uncaught Error: Call to undefined function url() in C:\Users\charl\Local Sites\koukaki\app\public\wp-content\themes\foce-child\front-page.php:11
Stack trace:
#0 C:\Users\charl\Local Sites\koukaki\app\public\wp-includes\template-loader.php(106): include()
#1 C:\Users\charl\Local Sites\koukaki\app\public\wp-blog-header.php(19): require_once('C:\\Users\\charl\\...')
#2 C:\Users\charl\Local Sites\koukaki\app\public\index.php(17): require('C:\\Users\\charl\\...')
#3 {main}
  thrown in C:\Users\charl\Local Sites\koukaki\app\public\wp-content\themes\foce-child\front-page.php on line 11
[12-Aug-2024 16:09:22 UTC] PHP Fatal error:  Uncaught Error: Call to undefined function url() in C:\Users\charl\Local Sites\koukaki\app\public\wp-content\themes\foce-child\front-page.php:11
Stack trace:
#0 C:\Users\charl\Local Sites\koukaki\app\public\wp-includes\template-loader.php(106): include()
#1 C:\Users\charl\Local Sites\koukaki\app\public\wp-blog-header.php(19): require_once('C:\\Users\\charl\\...')
#2 C:\Users\charl\Local Sites\koukaki\app\public\index.php(17): require('C:\\Users\\charl\\...')
#3 {main}
  thrown in C:\Users\charl\Local Sites\koukaki\app\public\wp-content\themes\foce-child\front-page.php on line 11
